{"/home/satpal/workspace/node/Unit-test-with-sinon/db.js":{"path":"/home/satpal/workspace/node/Unit-test-with-sinon/db.js","s":{"1":1,"2":1,"3":3,"4":3,"5":3,"6":3,"7":3,"8":3,"9":0,"10":0,"11":3,"12":1},"b":{},"f":{"1":3},"fnMap":{"1":{"name":"(anonymous_1)","line":13,"loc":{"start":{"line":13,"column":9},"end":{"line":13,"column":26}}}},"statementMap":{"1":{"start":{"line":3,"column":0},"end":{"line":3,"column":41}},"2":{"start":{"line":5,"column":0},"end":{"line":26,"column":1}},"3":{"start":{"line":14,"column":8},"end":{"line":14,"column":41}},"4":{"start":{"line":15,"column":8},"end":{"line":15,"column":53}},"5":{"start":{"line":16,"column":8},"end":{"line":23,"column":9}},"6":{"start":{"line":17,"column":12},"end":{"line":17,"column":35}},"7":{"start":{"line":18,"column":12},"end":{"line":18,"column":38}},"8":{"start":{"line":19,"column":12},"end":{"line":19,"column":45}},"9":{"start":{"line":21,"column":12},"end":{"line":21,"column":66}},"10":{"start":{"line":22,"column":12},"end":{"line":22,"column":31}},"11":{"start":{"line":24,"column":8},"end":{"line":24,"column":39}},"12":{"start":{"line":28,"column":0},"end":{"line":28,"column":19}}},"branchMap":{}},"/home/satpal/workspace/node/Unit-test-with-sinon/logger.js":{"path":"/home/satpal/workspace/node/Unit-test-with-sinon/logger.js","s":{"1":1,"2":1,"3":1,"4":1,"5":1,"6":1,"7":1,"8":6,"9":6,"10":0,"11":6,"12":0,"13":6,"14":0,"15":6,"16":0,"17":6,"18":6,"19":1,"20":21,"21":6,"22":0,"23":0,"24":9,"25":0,"26":1},"b":{"1":[0,6],"2":[0,6],"3":[0,6],"4":[0,6],"5":[6,0],"6":[6,15],"7":[0,0],"8":[0,9]},"f":{"1":6,"2":21,"3":0,"4":9},"fnMap":{"1":{"name":"(anonymous_1)","line":14,"loc":{"start":{"line":14,"column":20},"end":{"line":14,"column":32}}},"2":{"name":"(anonymous_2)","line":36,"loc":{"start":{"line":36,"column":9},"end":{"line":36,"column":19}}},"3":{"name":"(anonymous_3)","line":44,"loc":{"start":{"line":44,"column":10},"end":{"line":44,"column":20}}},"4":{"name":"(anonymous_4)","line":52,"loc":{"start":{"line":52,"column":10},"end":{"line":52,"column":20}}}},"statementMap":{"1":{"start":{"line":3,"column":0},"end":{"line":3,"column":55}},"2":{"start":{"line":4,"column":0},"end":{"line":4,"column":17}},"3":{"start":{"line":5,"column":0},"end":{"line":5,"column":19}},"4":{"start":{"line":6,"column":0},"end":{"line":6,"column":21}},"5":{"start":{"line":7,"column":0},"end":{"line":7,"column":21}},"6":{"start":{"line":8,"column":0},"end":{"line":8,"column":17}},"7":{"start":{"line":14,"column":0},"end":{"line":27,"column":1}},"8":{"start":{"line":15,"column":4},"end":{"line":15,"column":55}},"9":{"start":{"line":16,"column":4},"end":{"line":26,"column":5}},"10":{"start":{"line":17,"column":8},"end":{"line":17,"column":17}},"11":{"start":{"line":18,"column":11},"end":{"line":26,"column":5}},"12":{"start":{"line":19,"column":8},"end":{"line":19,"column":16}},"13":{"start":{"line":20,"column":11},"end":{"line":26,"column":5}},"14":{"start":{"line":21,"column":8},"end":{"line":21,"column":16}},"15":{"start":{"line":22,"column":11},"end":{"line":26,"column":5}},"16":{"start":{"line":23,"column":8},"end":{"line":23,"column":16}},"17":{"start":{"line":24,"column":11},"end":{"line":26,"column":5}},"18":{"start":{"line":25,"column":8},"end":{"line":25,"column":16}},"19":{"start":{"line":29,"column":0},"end":{"line":58,"column":1}},"20":{"start":{"line":37,"column":8},"end":{"line":39,"column":9}},"21":{"start":{"line":38,"column":12},"end":{"line":38,"column":32}},"22":{"start":{"line":45,"column":8},"end":{"line":47,"column":9}},"23":{"start":{"line":46,"column":12},"end":{"line":46,"column":34}},"24":{"start":{"line":53,"column":8},"end":{"line":55,"column":9}},"25":{"start":{"line":54,"column":12},"end":{"line":54,"column":32}},"26":{"start":{"line":60,"column":0},"end":{"line":63,"column":1}}},"branchMap":{"1":{"line":16,"type":"if","locations":[{"start":{"line":16,"column":4},"end":{"line":16,"column":4}},{"start":{"line":16,"column":4},"end":{"line":16,"column":4}}]},"2":{"line":18,"type":"if","locations":[{"start":{"line":18,"column":11},"end":{"line":18,"column":11}},{"start":{"line":18,"column":11},"end":{"line":18,"column":11}}]},"3":{"line":20,"type":"if","locations":[{"start":{"line":20,"column":11},"end":{"line":20,"column":11}},{"start":{"line":20,"column":11},"end":{"line":20,"column":11}}]},"4":{"line":22,"type":"if","locations":[{"start":{"line":22,"column":11},"end":{"line":22,"column":11}},{"start":{"line":22,"column":11},"end":{"line":22,"column":11}}]},"5":{"line":24,"type":"if","locations":[{"start":{"line":24,"column":11},"end":{"line":24,"column":11}},{"start":{"line":24,"column":11},"end":{"line":24,"column":11}}]},"6":{"line":37,"type":"if","locations":[{"start":{"line":37,"column":8},"end":{"line":37,"column":8}},{"start":{"line":37,"column":8},"end":{"line":37,"column":8}}]},"7":{"line":45,"type":"if","locations":[{"start":{"line":45,"column":8},"end":{"line":45,"column":8}},{"start":{"line":45,"column":8},"end":{"line":45,"column":8}}]},"8":{"line":53,"type":"if","locations":[{"start":{"line":53,"column":8},"end":{"line":53,"column":8}},{"start":{"line":53,"column":8},"end":{"line":53,"column":8}}]}}},"/home/satpal/workspace/node/Unit-test-with-sinon/model/user-model.js":{"path":"/home/satpal/workspace/node/Unit-test-with-sinon/model/user-model.js","s":{"1":12,"2":12,"3":1},"b":{},"f":{"1":12},"fnMap":{"1":{"name":"(anonymous_1)","line":13,"loc":{"start":{"line":13,"column":16},"end":{"line":13,"column":25}}}},"statementMap":{"1":{"start":{"line":14,"column":8},"end":{"line":14,"column":27}},"2":{"start":{"line":15,"column":8},"end":{"line":15,"column":31}},"3":{"start":{"line":19,"column":0},"end":{"line":19,"column":21}}},"branchMap":{}},"/home/satpal/workspace/node/Unit-test-with-sinon/user.js":{"path":"/home/satpal/workspace/node/Unit-test-with-sinon/user.js","s":{"1":1,"2":1,"3":1,"4":1,"5":6,"6":6,"7":6,"8":6,"9":6,"10":1,"11":6,"12":1},"b":{},"f":{"1":6},"fnMap":{"1":{"name":"(anonymous_1)","line":10,"loc":{"start":{"line":10,"column":13},"end":{"line":10,"column":30}}}},"statementMap":{"1":{"start":{"line":1,"column":0},"end":{"line":1,"column":26}},"2":{"start":{"line":2,"column":0},"end":{"line":2,"column":42}},"3":{"start":{"line":3,"column":0},"end":{"line":3,"column":41}},"4":{"start":{"line":5,"column":0},"end":{"line":26,"column":1}},"5":{"start":{"line":11,"column":8},"end":{"line":11,"column":47}},"6":{"start":{"line":13,"column":8},"end":{"line":16,"column":10}},"7":{"start":{"line":17,"column":8},"end":{"line":17,"column":29}},"8":{"start":{"line":18,"column":8},"end":{"line":22,"column":9}},"9":{"start":{"line":19,"column":12},"end":{"line":19,"column":38}},"10":{"start":{"line":21,"column":12},"end":{"line":21,"column":25}},"11":{"start":{"line":23,"column":8},"end":{"line":23,"column":45}},"12":{"start":{"line":28,"column":0},"end":{"line":28,"column":21}}},"branchMap":{}}}