TN:
SF:/home/satpal/workspace/node/Unit-test-with-sinon/db.js
FN:13,(anonymous_1)
FNF:1
FNH:1
FNDA:3,(anonymous_1)
DA:3,1
DA:5,1
DA:14,3
DA:15,3
DA:16,3
DA:17,3
DA:18,3
DA:19,3
DA:21,0
DA:22,0
DA:24,3
DA:28,1
LF:12
LH:10
BRF:0
BRH:0
end_of_record
TN:
SF:/home/satpal/workspace/node/Unit-test-with-sinon/logger.js
FN:14,(anonymous_1)
FN:36,(anonymous_2)
FN:44,(anonymous_3)
FN:52,(anonymous_4)
FNF:4
FNH:3
FNDA:6,(anonymous_1)
FNDA:21,(anonymous_2)
FNDA:0,(anonymous_3)
FNDA:9,(anonymous_4)
DA:3,1
DA:4,1
DA:5,1
DA:6,1
DA:7,1
DA:8,1
DA:14,1
DA:15,6
DA:16,6
DA:17,0
DA:18,6
DA:19,0
DA:20,6
DA:21,0
DA:22,6
DA:23,0
DA:24,6
DA:25,6
DA:29,1
DA:37,21
DA:38,6
DA:45,0
DA:46,0
DA:53,9
DA:54,0
DA:60,1
LF:26
LH:19
BRDA:16,1,0,0
BRDA:16,1,1,6
BRDA:18,2,0,0
BRDA:18,2,1,6
BRDA:20,3,0,0
BRDA:20,3,1,6
BRDA:22,4,0,0
BRDA:22,4,1,6
BRDA:24,5,0,6
BRDA:24,5,1,0
BRDA:37,6,0,6
BRDA:37,6,1,15
BRDA:45,7,0,0
BRDA:45,7,1,0
BRDA:53,8,0,0
BRDA:53,8,1,9
BRF:16
BRH:8
end_of_record
TN:
SF:/home/satpal/workspace/node/Unit-test-with-sinon/model/user-model.js
FN:13,(anonymous_1)
FNF:1
FNH:1
FNDA:12,(anonymous_1)
DA:14,12
DA:15,12
DA:19,1
LF:3
LH:3
BRF:0
BRH:0
end_of_record
TN:
SF:/home/satpal/workspace/node/Unit-test-with-sinon/user.js
FN:10,(anonymous_1)
FNF:1
FNH:1
FNDA:6,(anonymous_1)
DA:1,1
DA:2,1
DA:3,1
DA:5,1
DA:11,6
DA:13,6
DA:17,6
DA:18,6
DA:19,6
DA:21,1
DA:23,6
DA:28,1
LF:12
LH:12
BRF:0
BRH:0
end_of_record
